<?xml version="1.0" encoding="UTF-8"?>
<!-- Generated by org.testng.reporters.JUnitReportReporter -->
<testsuite hostname="Alpha-7VTW322" failures="0" tests="4" name="com.qa.test.DemoTest" time="0.019" errors="0" timestamp="2020-06-29T11:22:01 EDT" skipped="0">
  <testcase classname="com.qa.test.DemoTest" name="sub" time="0.001"/>
  <system-out/>
  <testcase classname="com.qa.test.DemoTest" name="div" time="0.014"/>
  <system-out/>
  <testcase classname="com.qa.test.DemoTest" name="multi" time="0.002"/>
  <system-out/>
  <testcase classname="com.qa.test.DemoTest" name="sum" time="0.002"/>
  <system-out/>
</testsuite> <!-- com.qa.test.DemoTest -->
